app/build/intermediates/manifest_merge_blame_file/debug/manifest-merger-blame-debug-report.txt
1<?xml version="1.0" encoding="utf-8"?>
2<manifest xmlns:android="http://schemas.android.com/apk/res/android"
3    package="ro.rsbideveloper.rsbi"
4    android:versionCode="1"
5    android:versionName="1.0" >
6
7    <uses-sdk
8        android:minSdkVersion="21"
8-->src\main\AndroidManifest.xml
9        android:targetSdkVersion="30" />
9-->src\main\AndroidManifest.xml
10
11    <uses-permission android:name="android.permission.INTERNET" />
11-->src\main\AndroidManifest.xml:6:5-66
11-->src\main\AndroidManifest.xml:6:22-64
12    <uses-permission android:name="android.permission.WRITE_EXTERNAL_STORAGE" />
12-->src\main\AndroidManifest.xml:7:5-80
12-->src\main\AndroidManifest.xml:7:22-78
13
14    <!-- Permission will be merged into the manifest of the hosting app. -->
15    <!-- Is required to launch foreground extraction service for targetSdkVersion 28+. -->
16    <uses-permission android:name="android.permission.FOREGROUND_SERVICE" /> <!-- TODO: android:allowBackup -> this affects what happens to the databases when uninstalling the app -->
16-->[com.google.android.play:core:1.9.1] AndroidManifest.xml:8:3-74
16-->[com.google.android.play:core:1.9.1] AndroidManifest.xml:8:20-72
17    <application
17-->src\main\AndroidManifest.xml:10:5-46:19
18        android:allowBackup="true"
18-->src\main\AndroidManifest.xml:11:9-35
19        android:appComponentFactory="androidx.core.app.CoreComponentFactory"
19-->[androidx.core:core:1.6.0] AndroidManifest.xml:24:18-86
20        android:debuggable="true"
21        android:icon="@mipmap/ic_launcher"
21-->src\main\AndroidManifest.xml:12:9-43
22        android:label="@string/app_name"
22-->src\main\AndroidManifest.xml:13:9-41
23        android:roundIcon="@mipmap/ic_launcher_round"
23-->src\main\AndroidManifest.xml:14:9-54
24        android:supportsRtl="true"
24-->src\main\AndroidManifest.xml:15:9-35
25        android:testOnly="true"
26        android:theme="@style/Theme.RSBI" >
26-->src\main\AndroidManifest.xml:16:9-42
27        <service
27-->src\main\AndroidManifest.xml:18:9-20:45
28            android:name="ro.rsbideveloper.rsbi.test.ServiceCom"
28-->src\main\AndroidManifest.xml:19:13-44
29            android:label="ServiceTesting" />
29-->src\main\AndroidManifest.xml:20:13-43
30
31        <receiver
31-->src\main\AndroidManifest.xml:22:9-26:20
32            android:name="ro.rsbideveloper.rsbi.test.AirplaneModeChangedBroadcastReceiver"
32-->src\main\AndroidManifest.xml:23:13-70
33            android:label="AirplaneBroadcastReceiver" >
33-->src\main\AndroidManifest.xml:24:13-54
34
35            <!-- intent-filter ? -->
36        </receiver>
37
38        <activity
38-->src\main\AndroidManifest.xml:29:9-36:20
39            android:name="ro.rsbideveloper.rsbi.MainActivity"
39-->src\main\AndroidManifest.xml:30:13-41
40            android:label="@string/app_name"
40-->src\main\AndroidManifest.xml:31:13-45
41            android:theme="@style/Theme.RSBI.NoActionBar" >
41-->src\main\AndroidManifest.xml:32:13-58
42        </activity>
43        <activity android:name="ro.rsbideveloper.rsbi.ui.entrypointAnonymousUser.AnonymousUser" >
43-->src\main\AndroidManifest.xml:38:5-43:16
43-->src\main\AndroidManifest.xml:38:15-71
44            <intent-filter>
44-->src\main\AndroidManifest.xml:39:9-42:25
45                <action android:name="android.intent.action.MAIN" />
45-->src\main\AndroidManifest.xml:40:13-65
45-->src\main\AndroidManifest.xml:40:21-62
46
47                <category android:name="android.intent.category.LAUNCHER" />
47-->src\main\AndroidManifest.xml:41:13-73
47-->src\main\AndroidManifest.xml:41:23-70
48            </intent-filter>
49        </activity>
50        <activity android:name="ro.rsbideveloper.rsbi.ui.entrypointWelcome.Welcome" />
50-->src\main\AndroidManifest.xml:44:5-71
50-->src\main\AndroidManifest.xml:44:15-59
51
52        <service
52-->[androidx.room:room-runtime:2.3.0] AndroidManifest.xml:25:9-28:40
53            android:name="androidx.room.MultiInstanceInvalidationService"
53-->[androidx.room:room-runtime:2.3.0] AndroidManifest.xml:26:13-74
54            android:directBootAware="true"
54-->[androidx.room:room-runtime:2.3.0] AndroidManifest.xml:27:13-43
55            android:exported="false" />
55-->[androidx.room:room-runtime:2.3.0] AndroidManifest.xml:28:13-37
56
57        <provider
57-->[androidx.lifecycle:lifecycle-process:2.4.0-alpha02] AndroidManifest.xml:26:9-34:20
58            android:name="androidx.startup.InitializationProvider"
58-->[androidx.lifecycle:lifecycle-process:2.4.0-alpha02] AndroidManifest.xml:27:13-67
59            android:authorities="ro.rsbideveloper.rsbi.androidx-startup"
59-->[androidx.lifecycle:lifecycle-process:2.4.0-alpha02] AndroidManifest.xml:28:13-68
60            android:exported="false" >
60-->[androidx.lifecycle:lifecycle-process:2.4.0-alpha02] AndroidManifest.xml:29:13-37
61            <meta-data
61-->[androidx.lifecycle:lifecycle-process:2.4.0-alpha02] AndroidManifest.xml:31:13-33:52
62                android:name="androidx.lifecycle.ProcessLifecycleInitializer"
62-->[androidx.lifecycle:lifecycle-process:2.4.0-alpha02] AndroidManifest.xml:32:17-78
63                android:value="androidx.startup" />
63-->[androidx.lifecycle:lifecycle-process:2.4.0-alpha02] AndroidManifest.xml:33:17-49
64            <meta-data
64-->[androidx.profileinstaller:profileinstaller:1.0.0-rc01] AndroidManifest.xml:31:13-33:52
65                android:name="androidx.profileinstaller.ProfileInstallerInitializer"
65-->[androidx.profileinstaller:profileinstaller:1.0.0-rc01] AndroidManifest.xml:32:17-85
66                android:value="androidx.startup" />
66-->[androidx.profileinstaller:profileinstaller:1.0.0-rc01] AndroidManifest.xml:33:17-49
67        </provider>
68
69        <receiver
69-->[androidx.profileinstaller:profileinstaller:1.0.0-rc01] AndroidManifest.xml:36:9-45:20
70            android:name="androidx.profileinstaller.ProfileInstallReceiver"
70-->[androidx.profileinstaller:profileinstaller:1.0.0-rc01] AndroidManifest.xml:37:13-76
71            android:directBootAware="false"
71-->[androidx.profileinstaller:profileinstaller:1.0.0-rc01] AndroidManifest.xml:38:13-44
72            android:enabled="true"
72-->[androidx.profileinstaller:profileinstaller:1.0.0-rc01] AndroidManifest.xml:39:13-35
73            android:exported="true"
73-->[androidx.profileinstaller:profileinstaller:1.0.0-rc01] AndroidManifest.xml:40:13-36
74            android:permission="android.permission.DUMP" >
74-->[androidx.profileinstaller:profileinstaller:1.0.0-rc01] AndroidManifest.xml:41:13-57
75            <intent-filter>
75-->[androidx.profileinstaller:profileinstaller:1.0.0-rc01] AndroidManifest.xml:42:13-44:29
76                <action android:name="androidx.profileinstaller.action.INSTALL_PROFILE" />
76-->[androidx.profileinstaller:profileinstaller:1.0.0-rc01] AndroidManifest.xml:43:17-91
76-->[androidx.profileinstaller:profileinstaller:1.0.0-rc01] AndroidManifest.xml:43:25-88
77            </intent-filter>
78        </receiver> <!-- The activities will be merged into the manifest of the hosting app. -->
79        <activity
79-->[com.google.android.play:core:1.9.1] AndroidManifest.xml:12:5-271
80            android:name="com.google.android.play.core.missingsplits.PlayCoreMissingSplitsActivity"
80-->[com.google.android.play:core:1.9.1] AndroidManifest.xml:12:15-102
81            android:enabled="false"
81-->[com.google.android.play:core:1.9.1] AndroidManifest.xml:12:103-126
82            android:exported="false"
82-->[com.google.android.play:core:1.9.1] AndroidManifest.xml:12:127-151
83            android:launchMode="singleInstance"
83-->[com.google.android.play:core:1.9.1] AndroidManifest.xml:12:204-239
84            android:process=":playcore_missing_splits_activity"
84-->[com.google.android.play:core:1.9.1] AndroidManifest.xml:12:152-203
85            android:stateNotNeeded="true" />
85-->[com.google.android.play:core:1.9.1] AndroidManifest.xml:12:240-269
86        <activity
86-->[com.google.android.play:core:1.9.1] AndroidManifest.xml:13:5-226
87            android:name="com.google.android.play.core.common.PlayCoreDialogWrapperActivity"
87-->[com.google.android.play:core:1.9.1] AndroidManifest.xml:13:15-95
88            android:enabled="false"
88-->[com.google.android.play:core:1.9.1] AndroidManifest.xml:13:96-119
89            android:exported="false"
89-->[com.google.android.play:core:1.9.1] AndroidManifest.xml:13:120-144
90            android:stateNotNeeded="true"
90-->[com.google.android.play:core:1.9.1] AndroidManifest.xml:13:145-174
91            android:theme="@style/Theme.PlayCore.Transparent" /> <!-- The services will be merged into the manifest of the hosting app. -->
91-->[com.google.android.play:core:1.9.1] AndroidManifest.xml:13:175-224
92        <service
92-->[com.google.android.play:core:1.9.1] AndroidManifest.xml:16:5-18:15
93            android:name="com.google.android.play.core.assetpacks.AssetPackExtractionService"
93-->[com.google.android.play:core:1.9.1] AndroidManifest.xml:16:14-95
94            android:enabled="false"
94-->[com.google.android.play:core:1.9.1] AndroidManifest.xml:16:96-119
95            android:exported="true" >
95-->[com.google.android.play:core:1.9.1] AndroidManifest.xml:16:120-143
96            <meta-data
96-->[com.google.android.play:core:1.9.1] AndroidManifest.xml:17:7-108
97                android:name="com.google.android.play.core.assetpacks.versionCode"
97-->[com.google.android.play:core:1.9.1] AndroidManifest.xml:17:18-84
98                android:value="10901" />
98-->[com.google.android.play:core:1.9.1] AndroidManifest.xml:17:85-106
99        </service>
100        <service
100-->[com.google.android.play:core:1.9.1] AndroidManifest.xml:19:5-147
101            android:name="com.google.android.play.core.assetpacks.ExtractionForegroundService"
101-->[com.google.android.play:core:1.9.1] AndroidManifest.xml:19:14-96
102            android:enabled="false"
102-->[com.google.android.play:core:1.9.1] AndroidManifest.xml:19:97-120
103            android:exported="false" />
103-->[com.google.android.play:core:1.9.1] AndroidManifest.xml:19:121-145
104    </application>
105
106</manifest>